{
  "RSpec": {
    "coverage": {
      "/home/developer/vaibhav/result_analyzer/app/jobs/daily_statistics_job.rb": {
        "lines": [
          1,
          1,
          null,
          1,
          1,
          null
        ]
      },
      "/home/developer/vaibhav/result_analyzer/app/jobs/application_job.rb": {
        "lines": [
          1,
          null,
          null,
          null,
          null,
          null,
          null
        ]
      },
      "/home/developer/vaibhav/result_analyzer/app/jobs/monthly_average_job.rb": {
        "lines": [
          1,
          1,
          null,
          1,
          1,
          null
        ]
      },
      "/home/developer/vaibhav/result_analyzer/app/models/daily_statistic.rb": {
        "lines": [
          1,
          1,
          1,
          1,
          null
        ]
      },
      "/home/developer/vaibhav/result_analyzer/app/models/application_record.rb": {
        "lines": [
          1,
          1,
          null
        ]
      },
      "/home/developer/vaibhav/result_analyzer/app/models/monthly_average.rb": {
        "lines": [
          1,
          1,
          1,
          1,
          null
        ]
      },
      "/home/developer/vaibhav/result_analyzer/app/models/test_result.rb": {
        "lines": [
          1,
          1,
          1,
          1,
          1,
          1,
          null
        ]
      },
      "/home/developer/vaibhav/result_analyzer/app/services/daily_statistics_calculator.rb": {
        "lines": [
          1,
          1,
          4,
          null,
          null,
          null,
          null,
          null,
          null,
          null,
          null,
          null,
          4,
          5,
          5,
          null,
          null,
          null,
          null,
          5,
          null,
          null,
          null
        ]
      },
      "/home/developer/vaibhav/result_analyzer/app/services/monthly_average_calculator.rb": {
        "lines": [
          1,
          1,
          null,
          1,
          5,
          null,
          4,
          null,
          4,
          5,
          null,
          null,
          null,
          1,
          8,
          null,
          null,
          null,
          8,
          8,
          null,
          8,
          17,
          17,
          null,
          17,
          null,
          null,
          8,
          null,
          7,
          7,
          7,
          null,
          null,
          null,
          null,
          7,
          null,
          null,
          1,
          5,
          null,
          null,
          5,
          155,
          null,
          null,
          null,
          5,
          null,
          5,
          null,
          null
        ]
      },
      "/home/developer/vaibhav/result_analyzer/app/controllers/api/v1/test_results_controller.rb": {
        "lines": [
          1,
          1,
          1,
          1,
          2,
          null,
          2,
          1,
          null,
          1,
          null,
          null,
          null,
          1,
          null,
          1,
          2,
          null,
          null,
          2,
          null,
          null,
          null,
          null,
          null,
          null,
          null,
          null
        ]
      },
      "/home/developer/vaibhav/result_analyzer/app/controllers/application_controller.rb": {
        "lines": [
          1,
          null
        ]
      }
    },
    "timestamp": 1778177667
  }
}
