{
  "RSpec": {
    "coverage": {
      "/home/developer/vaibhav/result_analyzer/app/jobs/daily_statistics_job.rb": {
        "lines": [
          1,
          1,
          null,
          1,
          1,
          null
        ]
      },
      "/home/developer/vaibhav/result_analyzer/app/jobs/application_job.rb": {
        "lines": [
          1,
          null,
          null,
          null,
          null,
          null,
          null
        ]
      },
      "/home/developer/vaibhav/result_analyzer/app/jobs/monthly_average_job.rb": {
        "lines": [
          1,
          1,
          null,
          1,
          1,
          null
        ]
      },
      "/home/developer/vaibhav/result_analyzer/app/models/daily_statistic.rb": {
        "lines": [
          1,
          1,
          1,
          null
        ]
      },
      "/home/developer/vaibhav/result_analyzer/app/models/application_record.rb": {
        "lines": [
          1,
          1,
          null
        ]
      },
      "/home/developer/vaibhav/result_analyzer/app/models/monthly_average.rb": {
        "lines": [
          1,
          1,
          1,
          null
        ]
      },
      "/home/developer/vaibhav/result_analyzer/app/models/test_result.rb": {
        "lines": [
          1,
          1,
          1,
          1,
          1,
          null
        ]
      },
      "/home/developer/vaibhav/result_analyzer/app/services/daily_statistics_calculator.rb": {
        "lines": [
          1,
          1,
          1,
          null,
          null,
          null,
          1,
          1,
          null,
          null,
          null,
          null,
          null,
          null,
          null,
          null,
          null
        ]
      },
      "/home/developer/vaibhav/result_analyzer/app/services/monthly_average_calculator.rb": {
        "lines": [
          1,
          1,
          null,
          1,
          0,
          null,
          0,
          null,
          0,
          0,
          null,
          null,
          null,
          1,
          1,
          null,
          null,
          null,
          1,
          1,
          null,
          1,
          5,
          5,
          null,
          5,
          null,
          null,
          1,
          null,
          null,
          null,
          null,
          null,
          null,
          null,
          null,
          1,
          0,
          null,
          null,
          0,
          0,
          null,
          null,
          null,
          0,
          null,
          0,
          null,
          null
        ]
      },
      "/home/developer/vaibhav/result_analyzer/app/controllers/api/v1/test_results_controller.rb": {
        "lines": [
          1,
          1,
          1,
          1,
          1,
          null,
          1,
          1,
          null,
          0,
          null,
          null,
          null,
          1,
          null,
          1,
          null,
          1,
          null,
          null,
          null,
          null,
          null,
          null,
          null,
          null
        ]
      },
      "/home/developer/vaibhav/result_analyzer/app/controllers/application_controller.rb": {
        "lines": [
          1,
          null
        ]
      },
      "/home/developer/vaibhav/result_analyzer/app/mailers/application_mailer.rb": {
        "lines": [
          0,
          0,
          0,
          0
        ],
        "branches": {}
      }
    },
    "timestamp": 1778173678
  }
}
